<?xml version="1.0" encoding="UTF-8"?>
<!-- Generated by org.testng.reporters.JUnitXMLReporter -->
<testsuite ignored="0" hostname="MukeshSingh" failures="1" tests="1" name="Test" time="6.462" errors="0" timestamp="2025-06-21T22:30:55 IST">
  <testcase classname="inventoryTests.AddProductToCartUsingBaseClassTest" name="tc_001_addProductToCart" time="0.709">
    <failure type="java.lang.AssertionError" message="null">
      <![CDATA[java.lang.AssertionError: null
at inventoryTests.AddProductToCartUsingBaseClassTest.tc_001_addProductToCart(AddProductToCartUsingBaseClassTest.java:35)
at java.base/java.util.ArrayList.forEach(ArrayList.java:1511)
... Removed 29 stack frames]]>
    </failure>
  </testcase> <!-- tc_001_addProductToCart -->
</testsuite> <!-- Test -->
