<?xml version="1.0" encoding="UTF-8"?>
<testng-results ignored="0" total="1" passed="1" failed="0" skipped="0">
  <reporter-output>
  </reporter-output>
  <suite started-at="2025-06-21T22:47:18 IST" name="Default suite" finished-at="2025-06-21T22:47:22 IST" duration-ms="3640">
    <groups>
    </groups>
    <test started-at="2025-06-21T22:47:18 IST" name="Default test" finished-at="2025-06-21T22:47:22 IST" duration-ms="3640">
      <class name="inventoryTests.AddLowestPriceProtuctToCartTest">
        <test-method signature="tc_003_addLowestPriceProductToCart()[pri:0, instance:inventoryTests.AddLowestPriceProtuctToCartTest@35dab4eb]" started-at="2025-06-21T22:47:18 IST" name="tc_003_addLowestPriceProductToCart" finished-at="2025-06-21T22:47:22 IST" duration-ms="3602" status="PASS">
          <reporter-output>
          </reporter-output>
        </test-method> <!-- tc_003_addLowestPriceProductToCart -->
      </class> <!-- inventoryTests.AddLowestPriceProtuctToCartTest -->
    </test> <!-- Default test -->
  </suite> <!-- Default suite -->
</testng-results>
