<?xml version="1.0" encoding="UTF-8"?>
<testng-results ignored="0" total="1" passed="1" failed="0" skipped="0">
  <reporter-output>
  </reporter-output>
  <suite started-at="2025-06-21T16:04:07 IST" name="Default suite" finished-at="2025-06-21T16:04:14 IST" duration-ms="6981">
    <groups>
    </groups>
    <test started-at="2025-06-21T16:04:07 IST" name="Default test" finished-at="2025-06-21T16:04:14 IST" duration-ms="6981">
      <class name="inventoryTests.AddProductToCartTest">
        <test-method signature="tc_001_addProductToCart()[pri:0, instance:inventoryTests.AddProductToCartTest@35dab4eb]" started-at="2025-06-21T16:04:07 IST" name="tc_001_addProductToCart" finished-at="2025-06-21T16:04:14 IST" duration-ms="6921" status="PASS">
          <reporter-output>
          </reporter-output>
        </test-method> <!-- tc_001_addProductToCart -->
      </class> <!-- inventoryTests.AddProductToCartTest -->
    </test> <!-- Default test -->
  </suite> <!-- Default suite -->
</testng-results>
